[23:11:50.741][INFO][CraftTweaker-EarlyInit]: CraftTweaker is running on a Minecraft 1.20.1 production server modded with platform Forge
[23:11:50.751][INFO][CraftTweaker-EarlyInit]: Successfully injected RecipeFS file system
[23:11:50.807][INFO][CraftTweaker-Plugins]: Successfully identified and loaded plugin crafttweaker:builtin
[23:11:50.808][INFO][CraftTweaker-Plugins]: Successfully identified and loaded plugin crafttweaker:builtin_forge
[23:11:50.814][INFO][CraftTweaker-Plugins]: Successfully identified and loaded plugin farmersdelight:crafttweaker_plugin
[23:11:52.004][INFO][CraftTweaker]: The following mods have explicit CraftTweaker support through the default plugin:
[23:11:52.005][INFO][CraftTweaker]: - 'angrymobs' at version '4.1.0'
[23:11:52.005][INFO][CraftTweaker]: - 'crafttweaker' at version '14.0.57'
[23:11:52.005][INFO][CraftTweaker]: - 'farmersdelight' at version '1.20.1-1.2.8'
[23:11:52.005][INFO][CraftTweaker]: - 'gamestages' at version '15.0.2'
[23:11:52.005][INFO][CraftTweaker]: - 'immersiveengineering' at version '1.20.1-10.2.0-183'
[23:11:52.005][INFO][CraftTweaker]: - 'sdmmobstages' at version '1.20.1-1.0.1'
[23:12:10.892][INFO][CraftTweaker-ZenCode]: Started loading scripts for loader 'initialize'
[23:12:11.675][INFO][CraftTweaker-ZenCode]: Compiling and executing scripts
[23:12:11.709][INFO][CraftTweaker-ZenCode]: Successfully initialized modules [crafttweaker, expansions]
[23:12:11.785][INFO][CraftTweaker-ZenCode]: Execution for loader 'initialize' completed successfully
[23:12:32.372][INFO][CraftTweaker-ZenCode]: Started loading scripts for loader 'tags'
[23:12:32.409][INFO][CraftTweaker-ZenCode]: Compiling and executing scripts
[23:12:32.431][INFO][CraftTweaker-ZenCode]: Successfully initialized modules [crafttweaker, expansions]
[23:12:32.444][INFO][CraftTweaker-ZenCode]: Execution for loader 'tags' completed successfully
[23:12:36.221][INFO][CraftTweaker]: crafttweaker.reload.start
[23:12:36.238][INFO][CraftTweaker-ZenCode]: Started loading scripts for loader 'crafttweaker'
[23:12:36.265][INFO][CraftTweaker-ZenCode]: Compiling and executing scripts
[23:12:36.673][INFO][CraftTweaker-ZenCode]: Successfully initialized modules [mods, crafttweaker, expansions]
[23:12:36.677][INFO][CraftTweaker-ZenCode]: Loading file 'spawning_stages.zs' with priority 0
[23:12:36.705][INFO][CraftTweaker]: Registering event listener for net.minecraftforge.event.entity.player.AdvancementEvent$AdvancementEarnEvent
[23:12:36.709][INFO][Mob Stages]: Mobs [Lnet.minecraft.world.entity.EntityType;@4610c02d added to stage_2.stage
[23:12:36.709][INFO][Mob Stages]: Mobs [Lnet.minecraft.world.entity.EntityType;@5052be0d added to stage_2.stage
[23:12:36.709][INFO][Mob Stages]: Mobs [Lnet.minecraft.world.entity.EntityType;@10031d82 added to stage_2.stage
[23:12:36.709][INFO][Mob Stages]: Mobs [Lnet.minecraft.world.entity.EntityType;@f21cef6 added to stage_2.stage
[23:12:36.709][INFO][Mob Stages]: Mobs [Lnet.minecraft.world.entity.EntityType;@7d7a896d added to stage_2.stage
[23:12:36.709][INFO][Mob Stages]: Mobs [Lnet.minecraft.world.entity.EntityType;@389df219 added to stage_2.stage
[23:12:36.709][INFO][Mob Stages]: Mobs [Lnet.minecraft.world.entity.EntityType;@30fa1785 added to stage_2.stage
[23:12:36.709][INFO][Mob Stages]: Mobs [Lnet.minecraft.world.entity.EntityType;@312d2912 added to stage_2.stage
[23:12:36.709][INFO][Mob Stages]: Mobs [Lnet.minecraft.world.entity.EntityType;@18b5ffbb added to stage_2.stage
[23:12:36.709][INFO][Mob Stages]: Mobs [Lnet.minecraft.world.entity.EntityType;@4f6fdb8e added to stage_2.stage
[23:12:36.709][INFO][CraftTweaker]: Registering event listener for net.minecraftforge.event.entity.player.AdvancementEvent$AdvancementEarnEvent
[23:12:36.710][INFO][Mob Stages]: Mobs [Lnet.minecraft.world.entity.EntityType;@2f49abd9 added to stage_3.stage
[23:12:36.710][INFO][Mob Stages]: Mobs [Lnet.minecraft.world.entity.EntityType;@7774729b added to stage_3.stage
[23:12:36.710][INFO][Mob Stages]: Mobs [Lnet.minecraft.world.entity.EntityType;@400b13e9 added to stage_3.stage
[23:12:36.710][INFO][Mob Stages]: Mobs [Lnet.minecraft.world.entity.EntityType;@718903cd added to stage_3.stage
[23:12:36.710][INFO][Mob Stages]: Mobs [Lnet.minecraft.world.entity.EntityType;@13fc7946 added to stage_3.stage
[23:12:36.710][INFO][Mob Stages]: Mobs [Lnet.minecraft.world.entity.EntityType;@47c83108 added to stage_3.stage
[23:12:36.710][INFO][Mob Stages]: Mobs [Lnet.minecraft.world.entity.EntityType;@5f44e643 added to stage_3.stage
[23:12:36.710][INFO][Mob Stages]: Mobs [Lnet.minecraft.world.entity.EntityType;@66ea010d added to stage_3.stage
[23:12:36.710][INFO][Mob Stages]: Mobs [Lnet.minecraft.world.entity.EntityType;@162c62df added to stage_3.stage
[23:12:36.710][INFO][Mob Stages]: Mobs [Lnet.minecraft.world.entity.EntityType;@10ea5163 added to stage_3.stage
[23:12:36.710][INFO][Mob Stages]: Mobs [Lnet.minecraft.world.entity.EntityType;@6864cbc3 added to stage_3.stage
[23:12:36.710][INFO][CraftTweaker]: Registering event listener for net.minecraftforge.event.entity.player.AdvancementEvent$AdvancementEarnEvent
[23:12:36.710][INFO][Mob Stages]: Mobs [Lnet.minecraft.world.entity.EntityType;@5e304dab added to stage_4.stage
[23:12:36.710][INFO][Mob Stages]: Mobs [Lnet.minecraft.world.entity.EntityType;@2b7ff628 added to stage_4.stage
[23:12:36.710][INFO][Mob Stages]: Mobs [Lnet.minecraft.world.entity.EntityType;@69dccb6d added to stage_4.stage
[23:12:36.710][INFO][Mob Stages]: Mobs [Lnet.minecraft.world.entity.EntityType;@27a82f46 added to stage_4.stage
[23:12:36.710][INFO][Mob Stages]: Mobs [Lnet.minecraft.world.entity.EntityType;@7ba9630d added to stage_4.stage
[23:12:36.710][INFO][Mob Stages]: Mobs [Lnet.minecraft.world.entity.EntityType;@2f3314e6 added to stage_4.stage
[23:12:36.710][INFO][Mob Stages]: Mobs [Lnet.minecraft.world.entity.EntityType;@203b35ce added to stage_4.stage
[23:12:36.711][INFO][Mob Stages]: Mobs [Lnet.minecraft.world.entity.EntityType;@468fec90 added to stage_4.stage
[23:12:36.711][INFO][Mob Stages]: Mobs [Lnet.minecraft.world.entity.EntityType;@760e4e47 added to stage_4.stage
[23:12:36.711][INFO][Mob Stages]: Mobs [Lnet.minecraft.world.entity.EntityType;@412de044 added to stage_4.stage
[23:12:36.711][INFO][Mob Stages]: Mobs [Lnet.minecraft.world.entity.EntityType;@38c138ea added to stage_4.stage
[23:12:36.711][INFO][Mob Stages]: Mobs [Lnet.minecraft.world.entity.EntityType;@193b80e added to stage_4.stage
[23:12:36.711][INFO][Mob Stages]: Mobs [Lnet.minecraft.world.entity.EntityType;@56ba20d added to stage_4.stage
[23:12:36.711][INFO][Mob Stages]: Mobs [Lnet.minecraft.world.entity.EntityType;@2b6a4d24 added to stage_4.stage
[23:12:36.711][INFO][Mob Stages]: Mobs [Lnet.minecraft.world.entity.EntityType;@1a5d26cb added to stage_4.stage
[23:12:36.711][INFO][Mob Stages]: Mobs [Lnet.minecraft.world.entity.EntityType;@612be46 added to stage_4.stage
[23:12:36.711][INFO][Mob Stages]: Mobs [Lnet.minecraft.world.entity.EntityType;@5e310f43 added to stage_4.stage
[23:12:36.711][INFO][Mob Stages]: Mobs [Lnet.minecraft.world.entity.EntityType;@274b6acc added to stage_4.stage
[23:12:36.711][INFO][Mob Stages]: Mobs [Lnet.minecraft.world.entity.EntityType;@54d37b90 added to stage_4.stage
[23:12:36.711][INFO][Mob Stages]: Mobs [Lnet.minecraft.world.entity.EntityType;@47a00fc2 added to stage_4.stage
[23:12:36.711][INFO][CraftTweaker-ZenCode]: Execution for loader 'crafttweaker' completed successfully
[23:12:36.713][INFO][CraftTweaker]: crafttweaker.reload.complete
[23:12:36.713][INFO][CraftTweaker]: This reload was made possible by Jessie Sims and more! Become a patron at https://patreon.com/jaredlll08?s=crtmod
[23:12:45.358][INFO][CraftTweaker-ZenCode]: Started loading scripts for loader 'tags'
[23:12:45.359][INFO][CraftTweaker-ZenCode]: Undoing previous actions
[23:12:45.385][INFO][CraftTweaker-ZenCode]: Compiling and executing scripts
[23:12:45.390][INFO][CraftTweaker-ZenCode]: Successfully initialized modules [crafttweaker, expansions]
[23:12:45.401][INFO][CraftTweaker-ZenCode]: Execution for loader 'tags' completed successfully
[23:12:48.497][INFO][CraftTweaker-ZenCode]: Started loading scripts for loader 'crafttweaker'
[23:12:48.497][INFO][CraftTweaker-ZenCode]: Undoing previous actions
[23:12:48.497][INFO][CraftTweaker]: Unregistering event listener for net.minecraftforge.event.entity.player.AdvancementEvent$AdvancementEarnEvent
[23:12:48.498][INFO][CraftTweaker]: Unregistering event listener for net.minecraftforge.event.entity.player.AdvancementEvent$AdvancementEarnEvent
[23:12:48.498][INFO][CraftTweaker]: Unregistering event listener for net.minecraftforge.event.entity.player.AdvancementEvent$AdvancementEarnEvent
[23:12:48.518][INFO][CraftTweaker-ZenCode]: Compiling and executing scripts
[23:12:48.642][INFO][CraftTweaker-ZenCode]: Successfully initialized modules [mods, crafttweaker, expansions]
[23:12:48.642][INFO][CraftTweaker-ZenCode]: Loading file 'spawning_stages.zs' with priority 0
[23:12:48.661][INFO][CraftTweaker]: Registering event listener for net.minecraftforge.event.entity.player.AdvancementEvent$AdvancementEarnEvent
[23:12:48.662][INFO][Mob Stages]: Mobs [Lnet.minecraft.world.entity.EntityType;@6ab03cb8 added to stage_2.stage
[23:12:48.662][INFO][Mob Stages]: Mobs [Lnet.minecraft.world.entity.EntityType;@1fa4ed69 added to stage_2.stage
[23:12:48.662][INFO][Mob Stages]: Mobs [Lnet.minecraft.world.entity.EntityType;@1a365310 added to stage_2.stage
[23:12:48.662][INFO][Mob Stages]: Mobs [Lnet.minecraft.world.entity.EntityType;@3c5e2740 added to stage_2.stage
[23:12:48.662][INFO][Mob Stages]: Mobs [Lnet.minecraft.world.entity.EntityType;@5760998f added to stage_2.stage
[23:12:48.662][INFO][Mob Stages]: Mobs [Lnet.minecraft.world.entity.EntityType;@6f97e9af added to stage_2.stage
[23:12:48.662][INFO][Mob Stages]: Mobs [Lnet.minecraft.world.entity.EntityType;@4791899e added to stage_2.stage
[23:12:48.662][INFO][Mob Stages]: Mobs [Lnet.minecraft.world.entity.EntityType;@ab8c20b added to stage_2.stage
[23:12:48.662][INFO][Mob Stages]: Mobs [Lnet.minecraft.world.entity.EntityType;@59c78e32 added to stage_2.stage
[23:12:48.662][INFO][Mob Stages]: Mobs [Lnet.minecraft.world.entity.EntityType;@94dde34 added to stage_2.stage
[23:12:48.662][INFO][CraftTweaker]: Registering event listener for net.minecraftforge.event.entity.player.AdvancementEvent$AdvancementEarnEvent
[23:12:48.662][INFO][Mob Stages]: Mobs [Lnet.minecraft.world.entity.EntityType;@425b6bfa added to stage_3.stage
[23:12:48.662][INFO][Mob Stages]: Mobs [Lnet.minecraft.world.entity.EntityType;@e3f5120 added to stage_3.stage
[23:12:48.662][INFO][Mob Stages]: Mobs [Lnet.minecraft.world.entity.EntityType;@6b6ce8cb added to stage_3.stage
[23:12:48.662][INFO][Mob Stages]: Mobs [Lnet.minecraft.world.entity.EntityType;@c3727ec added to stage_3.stage
[23:12:48.662][INFO][Mob Stages]: Mobs [Lnet.minecraft.world.entity.EntityType;@15aa892b added to stage_3.stage
[23:12:48.662][INFO][Mob Stages]: Mobs [Lnet.minecraft.world.entity.EntityType;@61686cef added to stage_3.stage
[23:12:48.662][INFO][Mob Stages]: Mobs [Lnet.minecraft.world.entity.EntityType;@6d4efab9 added to stage_3.stage
[23:12:48.662][INFO][Mob Stages]: Mobs [Lnet.minecraft.world.entity.EntityType;@5873b8bb added to stage_3.stage
[23:12:48.662][INFO][Mob Stages]: Mobs [Lnet.minecraft.world.entity.EntityType;@19d1814f added to stage_3.stage
[23:12:48.662][INFO][Mob Stages]: Mobs [Lnet.minecraft.world.entity.EntityType;@3bfc998e added to stage_3.stage
[23:12:48.662][INFO][Mob Stages]: Mobs [Lnet.minecraft.world.entity.EntityType;@217d377a added to stage_3.stage
[23:12:48.662][INFO][CraftTweaker]: Registering event listener for net.minecraftforge.event.entity.player.AdvancementEvent$AdvancementEarnEvent
[23:12:48.662][INFO][Mob Stages]: Mobs [Lnet.minecraft.world.entity.EntityType;@640ee58e added to stage_4.stage
[23:12:48.662][INFO][Mob Stages]: Mobs [Lnet.minecraft.world.entity.EntityType;@7140dbb9 added to stage_4.stage
[23:12:48.662][INFO][Mob Stages]: Mobs [Lnet.minecraft.world.entity.EntityType;@2eaf0cf6 added to stage_4.stage
[23:12:48.663][INFO][Mob Stages]: Mobs [Lnet.minecraft.world.entity.EntityType;@66a138be added to stage_4.stage
[23:12:48.663][INFO][Mob Stages]: Mobs [Lnet.minecraft.world.entity.EntityType;@75108371 added to stage_4.stage
[23:12:48.663][INFO][Mob Stages]: Mobs [Lnet.minecraft.world.entity.EntityType;@2fa1379 added to stage_4.stage
[23:12:48.663][INFO][Mob Stages]: Mobs [Lnet.minecraft.world.entity.EntityType;@54e4776c added to stage_4.stage
[23:12:48.663][INFO][Mob Stages]: Mobs [Lnet.minecraft.world.entity.EntityType;@3befd186 added to stage_4.stage
[23:12:48.663][INFO][Mob Stages]: Mobs [Lnet.minecraft.world.entity.EntityType;@4a95d681 added to stage_4.stage
[23:12:48.663][INFO][Mob Stages]: Mobs [Lnet.minecraft.world.entity.EntityType;@18a66571 added to stage_4.stage
[23:12:48.663][INFO][Mob Stages]: Mobs [Lnet.minecraft.world.entity.EntityType;@6f8e2e1e added to stage_4.stage
[23:12:48.663][INFO][Mob Stages]: Mobs [Lnet.minecraft.world.entity.EntityType;@2aa8a188 added to stage_4.stage
[23:12:48.663][INFO][Mob Stages]: Mobs [Lnet.minecraft.world.entity.EntityType;@4e6d5b82 added to stage_4.stage
[23:12:48.663][INFO][Mob Stages]: Mobs [Lnet.minecraft.world.entity.EntityType;@65cb22d3 added to stage_4.stage
[23:12:48.663][INFO][Mob Stages]: Mobs [Lnet.minecraft.world.entity.EntityType;@7b2b1eaa added to stage_4.stage
[23:12:48.663][INFO][Mob Stages]: Mobs [Lnet.minecraft.world.entity.EntityType;@14e044a6 added to stage_4.stage
[23:12:48.663][INFO][Mob Stages]: Mobs [Lnet.minecraft.world.entity.EntityType;@30f5acf3 added to stage_4.stage
[23:12:48.663][INFO][Mob Stages]: Mobs [Lnet.minecraft.world.entity.EntityType;@c94cd84 added to stage_4.stage
[23:12:48.663][INFO][Mob Stages]: Mobs [Lnet.minecraft.world.entity.EntityType;@2fe94cf2 added to stage_4.stage
[23:12:48.663][INFO][Mob Stages]: Mobs [Lnet.minecraft.world.entity.EntityType;@39baf8dd added to stage_4.stage
[23:12:48.663][INFO][CraftTweaker-ZenCode]: Execution for loader 'crafttweaker' completed successfully
[23:12:48.664][INFO][CraftTweaker]: This reload was made possible by Pongo Sapiens and more! Become a patron at https://patreon.com/jaredlll08?s=crtmod
